<?xml version="1.0" encoding="UTF-8"?>
<!-- Generated by org.testng.reporters.JUnitXMLReporter -->
<testsuite ignored="2" hostname="GoodDay" failures="0" tests="1" name="Default test(failed)(failed)" time="0.105" errors="0" timestamp="2022-08-18T21:45:35 IST">
  <testcase classname="Failed_testcase.b" name="TC3" time="0.024"/>
  <testcase classname="Failed_testcase.b" name="TC1" time="0.0">
    <ignored/>
  </testcase> <!-- TC1 -->
  <testcase classname="Failed_testcase.b" name="TC2" time="0.0">
    <ignored/>
  </testcase> <!-- TC2 -->
</testsuite> <!-- Default test(failed)(failed) -->
